Determining if the pthread_create exist failed with the following output:
Change Dir: /home/giovani/catkin_ws/build/CMakeFiles/CMakeTmp

Run Build Command:"/usr/bin/make" "cmTC_a13ce/fast"
/usr/bin/make -f CMakeFiles/cmTC_a13ce.dir/build.make CMakeFiles/cmTC_a13ce.dir/build
make[1]: Entering directory '/home/giovani/catkin_ws/build/CMakeFiles/CMakeTmp'
Building C object CMakeFiles/cmTC_a13ce.dir/CheckSymbolExists.c.o
/usr/bin/cc     -o CMakeFiles/cmTC_a13ce.dir/CheckSymbolExists.c.o   -c /home/giovani/catkin_ws/build/CMakeFiles/CMakeTmp/CheckSymbolExists.c
Linking C executable cmTC_a13ce
/usr/bin/cmake -E cmake_link_script CMakeFiles/cmTC_a13ce.dir/link.txt --verbose=1
/usr/bin/cc       CMakeFiles/cmTC_a13ce.dir/CheckSymbolExists.c.o  -o cmTC_a13ce -rdynamic 
CMakeFiles/cmTC_a13ce.dir/CheckSymbolExists.c.o: In function `main':
CheckSymbolExists.c:(.text+0x16): undefined reference to `pthread_create'
collect2: error: ld returned 1 exit status
CMakeFiles/cmTC_a13ce.dir/build.make:97: recipe for target 'cmTC_a13ce' failed
make[1]: *** [cmTC_a13ce] Error 1
make[1]: Leaving directory '/home/giovani/catkin_ws/build/CMakeFiles/CMakeTmp'
Makefile:126: recipe for target 'cmTC_a13ce/fast' failed
make: *** [cmTC_a13ce/fast] Error 2

File /home/giovani/catkin_ws/build/CMakeFiles/CMakeTmp/CheckSymbolExists.c:
/* */
#include <pthread.h>

int main(int argc, char** argv)
{
  (void)argv;
#ifndef pthread_create
  return ((int*)(&pthread_create))[argc];
#else
  (void)argc;
  return 0;
#endif
}

Determining if the function pthread_create exists in the pthreads failed with the following output:
Change Dir: /home/giovani/catkin_ws/build/CMakeFiles/CMakeTmp

Run Build Command:"/usr/bin/make" "cmTC_b0afa/fast"
/usr/bin/make -f CMakeFiles/cmTC_b0afa.dir/build.make CMakeFiles/cmTC_b0afa.dir/build
make[1]: Entering directory '/home/giovani/catkin_ws/build/CMakeFiles/CMakeTmp'
Building C object CMakeFiles/cmTC_b0afa.dir/CheckFunctionExists.c.o
/usr/bin/cc    -DCHECK_FUNCTION_EXISTS=pthread_create   -o CMakeFiles/cmTC_b0afa.dir/CheckFunctionExists.c.o   -c /usr/share/cmake-3.5/Modules/CheckFunctionExists.c
Linking C executable cmTC_b0afa
/usr/bin/cmake -E cmake_link_script CMakeFiles/cmTC_b0afa.dir/link.txt --verbose=1
/usr/bin/cc   -DCHECK_FUNCTION_EXISTS=pthread_create    CMakeFiles/cmTC_b0afa.dir/CheckFunctionExists.c.o  -o cmTC_b0afa -rdynamic -lpthreads 
/usr/bin/ld: cannot find -lpthreads
collect2: error: ld returned 1 exit status
CMakeFiles/cmTC_b0afa.dir/build.make:97: recipe for target 'cmTC_b0afa' failed
make[1]: *** [cmTC_b0afa] Error 1
make[1]: Leaving directory '/home/giovani/catkin_ws/build/CMakeFiles/CMakeTmp'
Makefile:126: recipe for target 'cmTC_b0afa/fast' failed
make: *** [cmTC_b0afa/fast] Error 2


